docs/templates/template_validate_validator.py:32: error: Cannot find implementation or library stub for module named "foundation.base.model_base"  [import-not-found]
docs/templates/template_validate_validator.py:37: error: Cannot find implementation or library stub for module named "foundation.protocol.protocol_validate"  [import-not-found]
docs/templates/template_validate_validator.py:38: error: Cannot find implementation or library stub for module named "foundation.script.validate.validator_registry"  [import-not-found]
docs/templates/template_validate_validator.py:38: note: See https://mypy.readthedocs.io/en/stable/running_mypy.html#missing-imports
docs/templates/template_validate_validator.py:55: error: Function is missing a type annotation for one or more arguments  [no-untyped-def]
src/omnibase/utils/in_memory_file_io.py:16: error: Function is missing a return type annotation  [no-untyped-def]
src/omnibase/utils/in_memory_file_io.py:16: note: Use "-> None" if function does not return a value
src/omnibase/utils/in_memory_file_io.py:17: note: By default the bodies of untyped functions are not checked, consider using --check-untyped-defs  [annotation-unchecked]
src/omnibase/utils/in_memory_file_io.py:18: note: By default the bodies of untyped functions are not checked, consider using --check-untyped-defs  [annotation-unchecked]
src/omnibase/utils/utils_velocity_log.py:11: error: Incompatible import of "BaseModel" (imported name has type overloaded function, local name has type "type[BaseModel]")  [assignment]
src/omnibase/model/model_node_metadata.py:22: error: Argument "default_factory" to "Field" has incompatible type "type[list[_T]]"; expected "Callable[[], Never] | Callable[[dict[str, Any]], Never]"  [arg-type]
src/omnibase/model/model_node_metadata.py:58: error: Invalid type comment or annotation  [valid-type]
src/omnibase/model/model_node_metadata.py:58: note: Suggestion: use constr[...] instead of constr(...)
src/omnibase/model/model_node_metadata.py:60: error: Invalid type comment or annotation  [valid-type]
src/omnibase/model/model_node_metadata.py:60: note: Suggestion: use constr[...] instead of constr(...)
src/omnibase/model/model_node_metadata.py:61: error: Invalid type comment or annotation  [valid-type]
src/omnibase/model/model_node_metadata.py:61: note: Suggestion: use constr[...] instead of constr(...)
src/omnibase/model/model_node_metadata.py:68: error: Invalid type comment or annotation  [valid-type]
src/omnibase/model/model_node_metadata.py:68: note: Suggestion: use constr[...] instead of constr(...)
src/omnibase/model/model_node_metadata.py:70: error: Invalid type comment or annotation  [valid-type]
src/omnibase/model/model_node_metadata.py:70: note: Suggestion: use constr[...] instead of constr(...)
src/omnibase/model/model_validate_error.py:20: error: Incompatible types in assignment (expression has type "str | None", base class "BaseErrorModel" defined the type as "str")  [assignment]
src/omnibase/tools/fixture_stamper_engine.py:15: error: Function is missing a return type annotation  [no-untyped-def]
src/omnibase/tools/fixture_stamper_engine.py:15: note: Use "-> None" if function does not return a value
src/omnibase/tools/fixture_stamper_engine.py:25: error: Function is missing a type annotation for one or more arguments  [no-untyped-def]
src/omnibase/tools/fixture_stamper_engine.py:49: error: Argument 5 of "process_directory" is incompatible with supertype "ProtocolStamperEngine"; supertype defines the argument type as "list[str] | None"  [override]
src/omnibase/tools/fixture_stamper_engine.py:49: note: This violates the Liskov substitution principle
src/omnibase/tools/fixture_stamper_engine.py:49: note: See https://mypy.readthedocs.io/en/stable/common_issues.html#incompatible-overrides
src/omnibase/tools/fixture_stamper_engine.py:49: error: Incompatible default for argument "include_patterns" (default has type "None", argument has type "list[str]")  [assignment]
src/omnibase/tools/fixture_stamper_engine.py:49: note: PEP 484 prohibits implicit Optional. Accordingly, mypy has changed its default to no_implicit_optional=True
src/omnibase/tools/fixture_stamper_engine.py:49: note: Use https://github.com/hauntsaninja/no_implicit_optional to automatically upgrade your codebase
src/omnibase/tools/fixture_stamper_engine.py:50: error: Argument 6 of "process_directory" is incompatible with supertype "ProtocolStamperEngine"; supertype defines the argument type as "list[str] | None"  [override]
src/omnibase/tools/fixture_stamper_engine.py:50: note: This violates the Liskov substitution principle
src/omnibase/tools/fixture_stamper_engine.py:50: note: See https://mypy.readthedocs.io/en/stable/common_issues.html#incompatible-overrides
src/omnibase/tools/fixture_stamper_engine.py:50: error: Incompatible default for argument "exclude_patterns" (default has type "None", argument has type "list[str]")  [assignment]
src/omnibase/tools/fixture_stamper_engine.py:50: note: PEP 484 prohibits implicit Optional. Accordingly, mypy has changed its default to no_implicit_optional=True
src/omnibase/tools/fixture_stamper_engine.py:50: note: Use https://github.com/hauntsaninja/no_implicit_optional to automatically upgrade your codebase
src/omnibase/tools/fixture_stamper_engine.py:51: error: Argument 7 of "process_directory" is incompatible with supertype "ProtocolStamperEngine"; supertype defines the argument type as "Path | None"  [override]
src/omnibase/tools/fixture_stamper_engine.py:51: note: This violates the Liskov substitution principle
src/omnibase/tools/fixture_stamper_engine.py:51: note: See https://mypy.readthedocs.io/en/stable/common_issues.html#incompatible-overrides
src/omnibase/tools/fixture_stamper_engine.py:51: error: Incompatible default for argument "ignore_file" (default has type "None", argument has type "Path")  [assignment]
src/omnibase/tools/fixture_stamper_engine.py:51: note: PEP 484 prohibits implicit Optional. Accordingly, mypy has changed its default to no_implicit_optional=True
src/omnibase/tools/fixture_stamper_engine.py:51: note: Use https://github.com/hauntsaninja/no_implicit_optional to automatically upgrade your codebase
src/omnibase/model/model_result_cli.py:21: error: Incompatible types in assignment (expression has type "list[BaseErrorModel] | None", base class "BaseResultModel" defined the type as "list[BaseErrorModel]")  [assignment]
src/omnibase/core/core_registry.py:18: error: Function is missing a return type annotation  [no-untyped-def]
src/omnibase/core/core_registry.py:18: note: Use "-> None" if function does not return a value
src/omnibase/core/core_registry.py:19: note: By default the bodies of untyped functions are not checked, consider using --check-untyped-defs  [annotation-unchecked]
src/omnibase/core/core_registry.py:43: error: Function is missing a return type annotation  [no-untyped-def]
src/omnibase/core/core_registry.py:43: note: Use "-> None" if function does not return a value
src/omnibase/core/core_registry.py:136: error: Argument "entrypoint" to "NodeMetadataBlock" has incompatible type "dict[str, str]"; expected "EntrypointBlock"  [arg-type]
src/omnibase/tools/docstring_generator.py:16: error: Function is missing a return type annotation  [no-untyped-def]
src/omnibase/tools/docstring_generator.py:24: error: Function is missing a type annotation  [no-untyped-def]
src/omnibase/tools/docstring_generator.py:36: error: Function is missing a type annotation  [no-untyped-def]
src/omnibase/tools/docstring_generator.py:53: error: Function is missing a type annotation  [no-untyped-def]
src/omnibase/tools/docstring_generator.py:60: error: Function is missing a return type annotation  [no-untyped-def]
src/omnibase/tools/docstring_generator.py:60: note: Use "-> None" if function does not return a value
tests/protocol/test_reducer_snapshot.py:53: error: "ProtocolReducer" has no attribute "snapshot_state"  [attr-defined]
tests/protocol/test_reducer_snapshot.py:66: error: Cannot instantiate abstract class "StubReducer" with abstract attributes "dispatch" and "initial_state"  [abstract]
tests/core/core_test_registry_cases.py:21: error: Function is missing a type annotation  [no-untyped-def]
tests/core/core_test_registry_cases.py:27: error: Function is missing a return type annotation  [no-untyped-def]
tests/core/core_test_registry_cases.py:43: error: Function is missing a return type annotation  [no-untyped-def]
tests/core/core_test_registry_cases.py:61: error: Function is missing a return type annotation  [no-untyped-def]
tests/core/core_test_registry_cases.py:81: error: Function is missing a return type annotation  [no-untyped-def]
tests/core/core_test_registry_cases.py:81: note: Use "-> None" if function does not return a value
src/omnibase/utils/tree_file_discovery_source.py:11: error: Cannot find implementation or library stub for module named "omnibase.model.model_log_level_enum"  [import-not-found]
src/omnibase/utils/directory_traverser.py:14: error: Incompatible types in assignment (expression has type "None", variable has type Module)  [assignment]
src/omnibase/utils/directory_traverser.py:31: error: Cannot find implementation or library stub for module named "omnibase.model.model_log_level_enum"  [import-not-found]
src/omnibase/utils/directory_traverser.py:66: error: Function is missing a return type annotation  [no-untyped-def]
src/omnibase/utils/directory_traverser.py:66: note: Use "-> None" if function does not return a value
src/omnibase/utils/directory_traverser.py:70: error: Function is missing a return type annotation  [no-untyped-def]
src/omnibase/utils/directory_traverser.py:70: note: Use "-> None" if function does not return a value
src/omnibase/utils/directory_traverser.py:101: error: Argument "max_file_size" to "FileFilterModel" has incompatible type "None"; expected "int"  [arg-type]
src/omnibase/utils/directory_traverser.py:174: error: Need type annotation for "eligible_files" (hint: "eligible_files: set[<type>] = ...")  [var-annotated]
src/omnibase/utils/directory_traverser.py:416: error: Argument 1 to "append" of "list" has incompatible type "OnexResultModel"; expected "T"  [arg-type]
src/omnibase/utils/directory_traverser.py:470: error: Return type "OnexResultModel" of "validate_tree_sync" incompatible with return type "TreeSyncResultModel" in supertype "ProtocolFileDiscoverySource"  [override]
tests/utils/test_node_metadata_extractor.py:33: error: Function is missing a return type annotation  [no-untyped-def]
tests/utils/test_node_metadata_extractor.py:60: error: Function is missing a type annotation  [no-untyped-def]
tests/utils/test_node_metadata_extractor.py:67: error: Function is missing a return type annotation  [no-untyped-def]
tests/utils/test_node_metadata_extractor.py:67: note: Use "-> None" if function does not return a value
tests/utils/test_node_metadata_extractor.py:73: error: Function is missing a type annotation  [no-untyped-def]
tests/utils/test_node_metadata_extractor.py:86: error: Function is missing a type annotation  [no-untyped-def]
tests/utils/test_node_metadata_extractor.py:99: error: Function is missing a return type annotation  [no-untyped-def]
tests/utils/test_node_metadata_extractor.py:99: note: Use "-> None" if function does not return a value
tests/utils/test_node_metadata_extractor.py:111: error: Function is missing a return type annotation  [no-untyped-def]
tests/utils/test_node_metadata_extractor.py:111: note: Use "-> None" if function does not return a value
tests/utils/test_node_metadata_extractor.py:129: error: Function is missing a type annotation  [no-untyped-def]
tests/utils/test_node_metadata_extractor.py:141: error: Function is missing a type annotation  [no-untyped-def]
tests/utils/test_directory_traverser.py:98: error: Function is missing a type annotation  [no-untyped-def]
tests/core/test_registry.py:22: error: Function is missing a type annotation  [no-untyped-def]
src/omnibase/tools/stamper_engine.py:16: error: Cannot find implementation or library stub for module named "omnibase.model.model_log_level_enum"  [import-not-found]
src/omnibase/tools/stamper_engine.py:33: error: Function is missing a type annotation for one or more arguments  [no-untyped-def]
src/omnibase/tools/stamper_engine.py:233: error: Argument 5 of "process_directory" is incompatible with supertype "ProtocolStamperEngine"; supertype defines the argument type as "list[str] | None"  [override]
src/omnibase/tools/stamper_engine.py:233: note: This violates the Liskov substitution principle
src/omnibase/tools/stamper_engine.py:233: note: See https://mypy.readthedocs.io/en/stable/common_issues.html#incompatible-overrides
src/omnibase/tools/stamper_engine.py:233: error: Incompatible default for argument "include_patterns" (default has type "None", argument has type "list[str]")  [assignment]
src/omnibase/tools/stamper_engine.py:233: note: PEP 484 prohibits implicit Optional. Accordingly, mypy has changed its default to no_implicit_optional=True
src/omnibase/tools/stamper_engine.py:233: note: Use https://github.com/hauntsaninja/no_implicit_optional to automatically upgrade your codebase
src/omnibase/tools/stamper_engine.py:234: error: Argument 6 of "process_directory" is incompatible with supertype "ProtocolStamperEngine"; supertype defines the argument type as "list[str] | None"  [override]
src/omnibase/tools/stamper_engine.py:234: note: This violates the Liskov substitution principle
src/omnibase/tools/stamper_engine.py:234: note: See https://mypy.readthedocs.io/en/stable/common_issues.html#incompatible-overrides
src/omnibase/tools/stamper_engine.py:234: error: Incompatible default for argument "exclude_patterns" (default has type "None", argument has type "list[str]")  [assignment]
src/omnibase/tools/stamper_engine.py:234: note: PEP 484 prohibits implicit Optional. Accordingly, mypy has changed its default to no_implicit_optional=True
src/omnibase/tools/stamper_engine.py:234: note: Use https://github.com/hauntsaninja/no_implicit_optional to automatically upgrade your codebase
src/omnibase/tools/stamper_engine.py:235: error: Argument 7 of "process_directory" is incompatible with supertype "ProtocolStamperEngine"; supertype defines the argument type as "Path | None"  [override]
src/omnibase/tools/stamper_engine.py:235: note: This violates the Liskov substitution principle
src/omnibase/tools/stamper_engine.py:235: note: See https://mypy.readthedocs.io/en/stable/common_issues.html#incompatible-overrides
src/omnibase/tools/stamper_engine.py:235: error: Incompatible default for argument "ignore_file" (default has type "None", argument has type "Path")  [assignment]
src/omnibase/tools/stamper_engine.py:235: note: PEP 484 prohibits implicit Optional. Accordingly, mypy has changed its default to no_implicit_optional=True
src/omnibase/tools/stamper_engine.py:235: note: Use https://github.com/hauntsaninja/no_implicit_optional to automatically upgrade your codebase
src/omnibase/tools/stamper_engine.py:261: error: Function is missing a type annotation  [no-untyped-def]
src/omnibase/tools/stamper_engine.py:264: error: Function is missing a type annotation  [no-untyped-def]
tests/utils/test_utils_uri_parser.py:27: error: Function is missing a type annotation  [no-untyped-def]
tests/utils/test_utils_uri_parser.py:39: error: Function is missing a type annotation  [no-untyped-def]
tests/utils/test_in_memory_stamper.py:102: error: Unsupported right operand type for in ("dict[str, Any] | None")  [operator]
tests/utils/test_in_memory_stamper.py:103: error: Value of type "dict[str, Any] | None" is not indexable  [index]
tests/utils/test_file_discovery_sources.py:20: error: Function is missing a type annotation  [no-untyped-def]
tests/utils/test_file_discovery_sources.py:29: error: Function is missing a type annotation  [no-untyped-def]
tests/utils/test_file_discovery_sources.py:42: error: Function is missing a type annotation  [no-untyped-def]
src/omnibase/tools/cli_validate.py:17: error: Cannot find implementation or library stub for module named "omnibase.model.model_severity_level_enum"  [import-not-found]
src/omnibase/tools/cli_validate.py:18: error: Cannot find implementation or library stub for module named "omnibase.model.model_entrypoint_block"  [import-not-found]
src/omnibase/tools/cli_validate.py:43: error: Function is missing a type annotation for one or more arguments  [no-untyped-def]
src/omnibase/tools/cli_validate.py:52: error: Missing named argument "target" for "OnexResultModel"  [call-arg]
src/omnibase/tools/cli_validate.py:55: error: List item 0 has incompatible type "ValidateMessageModel"; expected "OnexMessageModel"  [list-item]
src/omnibase/tools/cli_validate.py:56: error: Argument "severity" to "ValidateMessageModel" has incompatible type "str"; expected "SeverityLevelEnum"  [arg-type]
src/omnibase/tools/cli_validate.py:65: error: List comprehension has incompatible type List[dict[str, Any]]; expected List[OnexMessageModel]  [misc]
src/omnibase/tools/cli_validate.py:67: error: Argument "summary" to "OnexResultModel" has incompatible type "dict[str, int] | None"; expected "UnifiedSummaryModel | None"  [arg-type]
src/omnibase/tools/cli_validate.py:85: error: Missing named argument "target" for "OnexResultModel"  [call-arg]
src/omnibase/tools/cli_validate.py:88: error: List item 0 has incompatible type "ValidateMessageModel"; expected "OnexMessageModel"  [list-item]
src/omnibase/tools/cli_validate.py:89: error: Argument "severity" to "ValidateMessageModel" has incompatible type "str"; expected "SeverityLevelEnum"  [arg-type]
src/omnibase/tools/cli_validate.py:94: error: Function is missing a type annotation for one or more arguments  [no-untyped-def]
src/omnibase/tools/cli_validate.py:114: error: Argument "severity" to "ValidateMessageModel" has incompatible type "str"; expected "SeverityLevelEnum"  [arg-type]
src/omnibase/tools/cli_validate.py:123: error: Function is missing a type annotation for one or more arguments  [no-untyped-def]
src/omnibase/tools/cli_validate.py:194: error: Function is missing a type annotation for one or more arguments  [no-untyped-def]
src/omnibase/tools/cli_validate.py:239: error: Unexpected keyword argument "node_id" for "NodeMetadataBlock"  [call-arg]
src/omnibase/tools/cli_validate.py:239: error: Unexpected keyword argument "node_type" for "NodeMetadataBlock"  [call-arg]
src/omnibase/tools/cli_validate.py:239: error: Unexpected keyword argument "version_hash" for "NodeMetadataBlock"  [call-arg]
src/omnibase/tools/cli_validate.py:239: error: Unexpected keyword argument "contract_type" for "NodeMetadataBlock"  [call-arg]
src/omnibase/tools/cli_validate.py:239: error: Unexpected keyword argument "contract" for "NodeMetadataBlock"  [call-arg]
src/omnibase/tools/cli_validate.py:279: error: Cannot instantiate abstract class "CLIValidator" with abstract attributes "describe_flags", "description", ... and "run" (3 methods suppressed)  [abstract]
src/omnibase/tools/cli_validate.py:279: note: "describe_flags" is implicitly abstract because it has an empty function body. If it is not meant to be abstract, explicitly `return` or `return None`.
src/omnibase/tools/cli_stamp.py:51: error: Name "ProtocolStamperEngine" is not defined  [name-defined]
tests/tools/test_cli_stamp_integration.py:82: error: Value of type "dict[str, Any] | None" is not indexable  [index]
tests/tools/test_cli_stamp_directory.py:85: error: Value of type "dict[str, Any] | None" is not indexable  [index]
tests/tools/test_cli_stamp_directory.py:86: error: Value of type "dict[str, Any] | None" is not indexable  [index]
tests/tools/test_cli_stamp_directory.py:100: error: Value of type "dict[str, Any] | None" is not indexable  [index]
tests/tools/test_cli_stamp_directory.py:101: error: Value of type "dict[str, Any] | None" is not indexable  [index]
tests/tools/test_cli_stamp_directory.py:117: error: Value of type "dict[str, Any] | None" is not indexable  [index]
tests/tools/test_cli_stamp_directory.py:118: error: Value of type "dict[str, Any] | None" is not indexable  [index]
tests/tools/test_cli_stamp_directory.py:132: error: Value of type "dict[str, Any] | None" is not indexable  [index]
tests/tools/test_cli_stamp_directory.py:133: error: Value of type "dict[str, Any] | None" is not indexable  [index]
tests/tools/test_cli_stamp_directory.py:152: error: Value of type "dict[str, Any] | None" is not indexable  [index]
tests/tools/test_cli_stamp_directory.py:153: error: Value of type "dict[str, Any] | None" is not indexable  [index]
tests/tools/test_cli_stamp_directory.py:168: error: Value of type "dict[str, Any] | None" is not indexable  [index]
tests/tools/test_cli_stamp_directory.py:169: error: Value of type "dict[str, Any] | None" is not indexable  [index]
src/omnibase/tools/cli_main.py:30: error: Function is missing a return type annotation  [no-untyped-def]
src/omnibase/tools/cli_main.py:58: error: Function is missing a return type annotation  [no-untyped-def]
src/omnibase/tools/cli_main.py:58: note: Use "-> None" if function does not return a value
src/omnibase/tools/cli_main.py:67: error: Function is missing a return type annotation  [no-untyped-def]
src/omnibase/tools/cli_main.py:67: note: Use "-> None" if function does not return a value
tests/tools/test_cli_main.py:93: error: Cannot instantiate abstract class "CLIValidator" with abstract attributes "describe_flags", "description", ... and "run" (3 methods suppressed)  [abstract]
tests/tools/test_cli_main.py:93: note: "describe_flags" is implicitly abstract because it has an empty function body. If it is not meant to be abstract, explicitly `return` or `return None`.
Found 113 errors in 26 files (checked 118 source files)
